<?xml version="1.0" encoding="UTF-8" ?>
<testsuite errors="0" skipped="0" tests="1" time="0.04" failures="0" name="code.siagile.greetings.EmployeesReaderTest">
  <properties>
    <property value="Java(TM) 2 Runtime Environment, Standard Edition" name="java.runtime.name"/>
    <property value="/System/Library/Frameworks/JavaVM.framework/Versions/1.5.0/Libraries" name="sun.boot.library.path"/>
    <property value="1.5.0_13-119" name="java.vm.version"/>
    <property value="true" name="awt.nativeDoubleBuffering"/>
    <property value="false" name="gopherProxySet"/>
    <property value="Apple Inc." name="java.vm.vendor"/>
    <property value="http://www.apple.com/" name="java.vendor.url"/>
    <property value=":" name="path.separator"/>
    <property value="Java HotSpot(TM) Client VM" name="java.vm.name"/>
    <property value="sun.io" name="file.encoding.pkg"/>
    <property value="US" name="user.country"/>
    <property value="SUN_STANDARD" name="sun.java.launcher"/>
    <property value="unknown" name="sun.os.patch.level"/>
    <property value="Java Virtual Machine Specification" name="java.vm.specification.name"/>
    <property value="/Users/pino/Documents/workspace/siagile-greetings" name="user.dir"/>
    <property value="1.5.0_13-b05-237" name="java.runtime.version"/>
    <property value="apple.awt.CGraphicsEnvironment" name="java.awt.graphicsenv"/>
    <property value="/Users/pino/Documents/workspace/siagile-greetings" name="basedir"/>
    <property value="/System/Library/Frameworks/JavaVM.framework/Versions/1.5.0/Home/lib/endorsed" name="java.endorsed.dirs"/>
    <property value="i386" name="os.arch"/>
    <property value="/tmp/surefirebooter62939.jar" name="surefire.real.class.path"/>
    <property value="/tmp" name="java.io.tmpdir"/>
    <property value="
" name="line.separator"/>
    <property value="Sun Microsystems Inc." name="java.vm.specification.vendor"/>
    <property value="Mac OS X" name="os.name"/>
    <property value="MacRoman" name="sun.jnu.encoding"/>
    <property value=".:/Library/Java/Extensions:/System/Library/Java/Extensions:/usr/lib/java" name="java.library.path"/>
    <property value="/Users/pino/Documents/workspace/siagile-greetings/target/classes:/Users/pino/Documents/workspace/siagile-greetings/target/test-classes:/Users/pino/.m2/repository/commons-logging/commons-logging/1.1.1/commons-logging-1.1.1.jar:/Users/pino/.m2/repository/exm/lambdaj/1.2-SNAPSHOT/lambdaj-1.2-SNAPSHOT.jar:/Users/pino/.m2/repository/junit/junit/4.4/junit-4.4.jar:/Users/pino/.m2/repository/org/fitnesse/fitnesse/20081201/fitnesse-20081201.jar:/Users/pino/.m2/repository/cglib/cglib-nodep/2.1_3/cglib-nodep-2.1_3.jar:/Users/pino/.m2/repository/dumbster/dumbster/1.6/dumbster-1.6.jar:/Users/pino/.m2/repository/javax/activation/activation/1.1/activation-1.1.jar:/Users/pino/.m2/repository/javax/mail/mail/1.4/mail-1.4.jar:/Users/pino/.m2/repository/org/mockito/mockito-all/1.6/mockito-all-1.6.jar:/Users/pino/.m2/repository/org/fitnesse/fitlibrary/20080812/fitlibrary-20080812.jar:" name="surefire.test.class.path"/>
    <property value="Java Platform API Specification" name="java.specification.name"/>
    <property value="49.0" name="java.class.version"/>
    <property value="HotSpot Client Compiler" name="sun.management.compiler"/>
    <property value="10.5.6" name="os.version"/>
    <property value="local|*.local|169.254/16|*.169.254/16" name="http.nonProxyHosts"/>
    <property value="/Users/pino" name="user.home"/>
    <property value="" name="user.timezone"/>
    <property value="apple.awt.CPrinterJob" name="java.awt.printerjob"/>
    <property value="1.5" name="java.specification.version"/>
    <property value="MacRoman" name="file.encoding"/>
    <property value="pino" name="user.name"/>
    <property value="/Users/pino/Documents/workspace/siagile-greetings/target/classes:/Users/pino/Documents/workspace/siagile-greetings/target/test-classes:/Users/pino/.m2/repository/commons-logging/commons-logging/1.1.1/commons-logging-1.1.1.jar:/Users/pino/.m2/repository/exm/lambdaj/1.2-SNAPSHOT/lambdaj-1.2-SNAPSHOT.jar:/Users/pino/.m2/repository/junit/junit/4.4/junit-4.4.jar:/Users/pino/.m2/repository/org/fitnesse/fitnesse/20081201/fitnesse-20081201.jar:/Users/pino/.m2/repository/cglib/cglib-nodep/2.1_3/cglib-nodep-2.1_3.jar:/Users/pino/.m2/repository/dumbster/dumbster/1.6/dumbster-1.6.jar:/Users/pino/.m2/repository/javax/activation/activation/1.1/activation-1.1.jar:/Users/pino/.m2/repository/javax/mail/mail/1.4/mail-1.4.jar:/Users/pino/.m2/repository/org/mockito/mockito-all/1.6/mockito-all-1.6.jar:/Users/pino/.m2/repository/org/fitnesse/fitlibrary/20080812/fitlibrary-20080812.jar:" name="java.class.path"/>
    <property value="1.0" name="java.vm.specification.version"/>
    <property value="32" name="sun.arch.data.model"/>
    <property value="/System/Library/Frameworks/JavaVM.framework/Versions/1.5.0/Home" name="java.home"/>
    <property value="Sun Microsystems Inc." name="java.specification.vendor"/>
    <property value="en" name="user.language"/>
    <property value="apple.awt.CToolkit" name="awt.toolkit"/>
    <property value="mixed mode, sharing" name="java.vm.info"/>
    <property value="1.5.0_13" name="java.version"/>
    <property value="/Library/Java/Extensions:/System/Library/Java/Extensions:/System/Library/Frameworks/JavaVM.framework/Versions/1.5.0/Home/lib/ext" name="java.ext.dirs"/>
    <property value="/System/Library/Frameworks/JavaVM.framework/Versions/1.5.0/Classes/classes.jar:/System/Library/Frameworks/JavaVM.framework/Versions/1.5.0/Classes/ui.jar:/System/Library/Frameworks/JavaVM.framework/Versions/1.5.0/Classes/laf.jar:/System/Library/Frameworks/JavaVM.framework/Versions/1.5.0/Classes/sunrsasign.jar:/System/Library/Frameworks/JavaVM.framework/Versions/1.5.0/Classes/jsse.jar:/System/Library/Frameworks/JavaVM.framework/Versions/1.5.0/Classes/jce.jar:/System/Library/Frameworks/JavaVM.framework/Versions/1.5.0/Classes/charsets.jar" name="sun.boot.class.path"/>
    <property value="Apple Inc." name="java.vendor"/>
    <property value="/Users/pino/.m2/repository" name="localRepository"/>
    <property value="/" name="file.separator"/>
    <property value="http://bugreport.apple.com/" name="java.vendor.url.bug"/>
    <property value="little" name="sun.cpu.endian"/>
    <property value="UnicodeLittle" name="sun.io.unicode.encoding"/>
    <property value="1040.1.5.0_13-237" name="mrj.version"/>
    <property value="local|*.local|169.254/16|*.169.254/16" name="socksNonProxyHosts"/>
    <property value="local|*.local|169.254/16|*.169.254/16" name="ftp.nonProxyHosts"/>
    <property value="" name="sun.cpu.isalist"/>
  </properties>
  <testcase classname="code.siagile.greetings.EmployeesReaderTest" time="0.023" name="testCreateSomeEmployeesFromStrings"/>
</testsuite>