<?xml version="1.0" encoding="UTF-8" ?>
<testsuite failures="0" time="0.054" errors="0" skipped="0" tests="33" name="code.lucamarrocco.scala.command.ScalaCommandTest">
  <properties>
    <property name="java.runtime.name" value="OpenJDK Runtime Environment"/>
    <property name="sun.boot.library.path" value="/usr/lib/jvm/java-6-openjdk/jre/lib/i386"/>
    <property name="java.vm.version" value="14.0-b08"/>
    <property name="java.vm.vendor" value="Sun Microsystems Inc."/>
    <property name="java.vendor.url" value="http://java.sun.com/"/>
    <property name="path.separator" value=":"/>
    <property name="java.vm.name" value="OpenJDK Client VM"/>
    <property name="file.encoding.pkg" value="sun.io"/>
    <property name="user.country" value="IT"/>
    <property name="sun.java.launcher" value="SUN_STANDARD"/>
    <property name="sun.os.patch.level" value="unknown"/>
    <property name="java.vm.specification.name" value="Java Virtual Machine Specification"/>
    <property name="user.dir" value="/home/luca/workspace/scala-command"/>
    <property name="java.runtime.version" value="1.6.0_0-b14"/>
    <property name="java.awt.graphicsenv" value="sun.awt.X11GraphicsEnvironment"/>
    <property name="basedir" value="/home/luca/workspace/scala-command"/>
    <property name="java.endorsed.dirs" value="/usr/lib/jvm/java-6-openjdk/jre/lib/endorsed"/>
    <property name="os.arch" value="i386"/>
    <property name="surefire.real.class.path" value="/tmp/surefirebooter3118229879010373049.jar"/>
    <property name="java.io.tmpdir" value="/tmp"/>
    <property name="line.separator" value="
"/>
    <property name="java.vm.specification.vendor" value="Sun Microsystems Inc."/>
    <property name="os.name" value="Linux"/>
    <property name="sun.jnu.encoding" value="UTF-8"/>
    <property name="java.library.path" value="/usr/lib/jvm/java-6-openjdk/jre/lib/i386/client:/usr/lib/jvm/java-6-openjdk/jre/lib/i386:/usr/lib/jvm/java-6-openjdk/jre/../lib/i386:/usr/java/packages/lib/i386:/lib:/usr/lib"/>
    <property name="surefire.test.class.path" value="/home/luca/workspace/scala-command/target/test-classes:/home/luca/workspace/scala-command/target/classes:/home/luca/.m2/repository/org/scala-lang/scala-library/2.7.5/scala-library-2.7.5.jar:/home/luca/.m2/repository/javax/servlet/servlet-api/2.5/servlet-api-2.5.jar:/home/luca/.m2/repository/junit/junit/4.5/junit-4.5.jar:/home/luca/.m2/repository/org/hamcrest/hamcrest-all/1.1/hamcrest-all-1.1.jar:/home/luca/.m2/repository/org/scala-lang/scala-compiler/2.7.5/scala-compiler-2.7.5.jar:"/>
    <property name="java.specification.name" value="Java Platform API Specification"/>
    <property name="java.class.version" value="50.0"/>
    <property name="sun.management.compiler" value="HotSpot Client Compiler"/>
    <property name="os.version" value="2.6.28-14-generic"/>
    <property name="user.home" value="/home/luca"/>
    <property name="user.timezone" value=""/>
    <property name="user.zoneinfo.dir" value="/usr/share/javazi"/>
    <property name="java.awt.printerjob" value="sun.print.PSPrinterJob"/>
    <property name="java.specification.version" value="1.6"/>
    <property name="file.encoding" value="UTF-8"/>
    <property name="user.name" value="luca"/>
    <property name="java.class.path" value="/home/luca/workspace/scala-command/target/test-classes:/home/luca/workspace/scala-command/target/classes:/home/luca/.m2/repository/org/scala-lang/scala-library/2.7.5/scala-library-2.7.5.jar:/home/luca/.m2/repository/javax/servlet/servlet-api/2.5/servlet-api-2.5.jar:/home/luca/.m2/repository/junit/junit/4.5/junit-4.5.jar:/home/luca/.m2/repository/org/hamcrest/hamcrest-all/1.1/hamcrest-all-1.1.jar:/home/luca/.m2/repository/org/scala-lang/scala-compiler/2.7.5/scala-compiler-2.7.5.jar:"/>
    <property name="java.vm.specification.version" value="1.0"/>
    <property name="sun.arch.data.model" value="32"/>
    <property name="java.home" value="/usr/lib/jvm/java-6-openjdk/jre"/>
    <property name="java.specification.vendor" value="Sun Microsystems Inc."/>
    <property name="user.language" value="it"/>
    <property name="java.vm.info" value="mixed mode, sharing"/>
    <property name="java.version" value="1.6.0_0"/>
    <property name="java.ext.dirs" value="/usr/lib/jvm/java-6-openjdk/jre/lib/ext:/usr/java/packages/lib/ext"/>
    <property name="sun.boot.class.path" value="/usr/lib/jvm/java-6-openjdk/jre/lib/resources.jar:/usr/lib/jvm/java-6-openjdk/jre/lib/rt.jar:/usr/lib/jvm/java-6-openjdk/jre/lib/sunrsasign.jar:/usr/lib/jvm/java-6-openjdk/jre/lib/jsse.jar:/usr/lib/jvm/java-6-openjdk/jre/lib/jce.jar:/usr/lib/jvm/java-6-openjdk/jre/lib/charsets.jar:/usr/lib/jvm/java-6-openjdk/jre/lib/rhino.jar:/usr/lib/jvm/java-6-openjdk/jre/classes"/>
    <property name="java.vendor" value="Sun Microsystems Inc."/>
    <property name="localRepository" value="/home/luca/.m2/repository"/>
    <property name="file.separator" value="/"/>
    <property name="java.vendor.url.bug" value="http://java.sun.com/cgi-bin/bugreport.cgi"/>
    <property name="sun.cpu.endian" value="little"/>
    <property name="sun.io.unicode.encoding" value="UnicodeLittle"/>
    <property name="sun.cpu.isalist" value=""/>
  </properties>
  <testcase time="0.002" classname="code.lucamarrocco.scala.command.ScalaCommandTest" name="extdirs"/>
  <testcase time="0.001" classname="code.lucamarrocco.scala.command.ScalaCommandTest" name="extdir"/>
  <testcase time="0" classname="code.lucamarrocco.scala.command.ScalaCommandTest" name="sourcepaths"/>
  <testcase time="0" classname="code.lucamarrocco.scala.command.ScalaCommandTest" name="sourcepath"/>
  <testcase time="0.001" classname="code.lucamarrocco.scala.command.ScalaCommandTest" name="bootpaths"/>
  <testcase time="0.001" classname="code.lucamarrocco.scala.command.ScalaCommandTest" name="bootpath"/>
  <testcase time="0.001" classname="code.lucamarrocco.scala.command.ScalaCommandTest" name="classpaths"/>
  <testcase time="0.001" classname="code.lucamarrocco.scala.command.ScalaCommandTest" name="classpath"/>
  <testcase time="0.001" classname="code.lucamarrocco.scala.command.ScalaCommandTest" name="target$msil"/>
  <testcase time="0.001" classname="code.lucamarrocco.scala.command.ScalaCommandTest" name="target$jvm14"/>
  <testcase time="0.001" classname="code.lucamarrocco.scala.command.ScalaCommandTest" name="target$jvm15"/>
  <testcase time="0.001" classname="code.lucamarrocco.scala.command.ScalaCommandTest" name="debugging$notailcalls"/>
  <testcase time="0.001" classname="code.lucamarrocco.scala.command.ScalaCommandTest" name="debugging$vars"/>
  <testcase time="0" classname="code.lucamarrocco.scala.command.ScalaCommandTest" name="debugging$line"/>
  <testcase time="0" classname="code.lucamarrocco.scala.command.ScalaCommandTest" name="debugging$source"/>
  <testcase time="0.003" classname="code.lucamarrocco.scala.command.ScalaCommandTest" name="debugging$none"/>
  <testcase time="0.001" classname="code.lucamarrocco.scala.command.ScalaCommandTest" name="uniqid"/>
  <testcase time="0.001" classname="code.lucamarrocco.scala.command.ScalaCommandTest" name="explaintypes"/>
  <testcase time="0" classname="code.lucamarrocco.scala.command.ScalaCommandTest" name="unchecked"/>
  <testcase time="0" classname="code.lucamarrocco.scala.command.ScalaCommandTest" name="deprecated"/>
  <testcase time="0" classname="code.lucamarrocco.scala.command.ScalaCommandTest" name="nowarn"/>
  <testcase time="0.001" classname="code.lucamarrocco.scala.command.ScalaCommandTest" name="sources"/>
  <testcase time="0.001" classname="code.lucamarrocco.scala.command.ScalaCommandTest" name="scalac"/>
  <testcase time="0" classname="code.lucamarrocco.scala.command.ScalaCommandTest" name="source"/>
  <testcase time="0" classname="code.lucamarrocco.scala.command.ScalaCommandTest" name="optimize"/>
  <testcase time="0" classname="code.lucamarrocco.scala.command.ScalaCommandTest" name="print"/>
  <testcase time="0.001" classname="code.lucamarrocco.scala.command.ScalaCommandTest" name="encoding"/>
  <testcase time="0.001" classname="code.lucamarrocco.scala.command.ScalaCommandTest" name="directory"/>
  <testcase time="0.001" classname="code.lucamarrocco.scala.command.ScalaCommandTest" name="version"/>
  <testcase time="0" classname="code.lucamarrocco.scala.command.ScalaCommandTest" name="X"/>
  <testcase time="0" classname="code.lucamarrocco.scala.command.ScalaCommandTest" name="verbose"/>
  <testcase time="0.001" classname="code.lucamarrocco.scala.command.ScalaCommandTest" name="home"/>
  <testcase time="0" classname="code.lucamarrocco.scala.command.ScalaCommandTest" name="help"/>
</testsuite>